2023-08-24 05:40:06 notice: Option `httpOnly` is deprecated. Use lowercased `httponly` instead.
C:\Users\admin\Desktop\Development\my_app\config\routes.php, line: 15
You can disable all deprecation warnings by setting `Error.errorLevel` to `E_ALL & ~E_USER_DEPRECATED`. Adding `config/routes.php` to `Error.ignoredDeprecationPaths` in your `config/app.php` config will mute deprecations from that file only.
Trace:
deprecationWarning C:\Users\admin\Desktop\Development\my_app\vendor\cakephp\cakephp\src\Core\functions.php, line 328
Cake\Http\Middleware\CsrfProtectionMiddleware::__construct() C:\Users\admin\Desktop\Development\my_app\vendor\cakephp\cakephp\src\Http\Middleware\CsrfProtectionMiddleware.php, line 112
Cake\Http\BaseApplication::{closure}() C:\Users\admin\Desktop\Development\my_app\config\routes.php, line 15
Cake\Routing\RouteBuilder::scope() C:\Users\admin\Desktop\Development\my_app\vendor\cakephp\cakephp\src\Routing\RouteBuilder.php, line 946
Cake\Http\BaseApplication::{closure}() C:\Users\admin\Desktop\Development\my_app\config\routes.php, line 13
Cake\Http\BaseApplication::routes() C:\Users\admin\Desktop\Development\my_app\vendor\cakephp\cakephp\src\Http\BaseApplication.php, line 200
Cake\Console\CommandRunner::loadRoutes() C:\Users\admin\Desktop\Development\my_app\vendor\cakephp\cakephp\src\Console\CommandRunner.php, line 397
Cake\Console\CommandRunner::run() C:\Users\admin\Desktop\Development\my_app\vendor\cakephp\cakephp\src\Console\CommandRunner.php, line 147
[main] C:\Users\admin\Desktop\Development\my_app\bin\cake.php, line 12

2023-08-24 11:05:32 notice: Option `httpOnly` is deprecated. Use lowercased `httponly` instead.
C:\Users\admin\Desktop\Development\my_app\config\routes.php, line: 15
You can disable all deprecation warnings by setting `Error.errorLevel` to `E_ALL & ~E_USER_DEPRECATED`. Adding `config/routes.php` to `Error.ignoredDeprecationPaths` in your `config/app.php` config will mute deprecations from that file only.
Trace:
deprecationWarning C:\Users\admin\Desktop\Development\my_app\vendor\cakephp\cakephp\src\Core\functions.php, line 328
Cake\Http\Middleware\CsrfProtectionMiddleware::__construct() C:\Users\admin\Desktop\Development\my_app\vendor\cakephp\cakephp\src\Http\Middleware\CsrfProtectionMiddleware.php, line 112
Cake\Http\BaseApplication::{closure}() C:\Users\admin\Desktop\Development\my_app\config\routes.php, line 15
Cake\Routing\RouteBuilder::scope() C:\Users\admin\Desktop\Development\my_app\vendor\cakephp\cakephp\src\Routing\RouteBuilder.php, line 946
Cake\Http\BaseApplication::{closure}() C:\Users\admin\Desktop\Development\my_app\config\routes.php, line 13
Cake\Http\BaseApplication::routes() C:\Users\admin\Desktop\Development\my_app\vendor\cakephp\cakephp\src\Http\BaseApplication.php, line 200
Cake\Console\CommandRunner::loadRoutes() C:\Users\admin\Desktop\Development\my_app\vendor\cakephp\cakephp\src\Console\CommandRunner.php, line 397
Cake\Console\CommandRunner::run() C:\Users\admin\Desktop\Development\my_app\vendor\cakephp\cakephp\src\Console\CommandRunner.php, line 147
[main] C:\Users\admin\Desktop\Development\my_app\bin\cake.php, line 12

2023-08-25 05:05:51 notice: Option `httpOnly` is deprecated. Use lowercased `httponly` instead.
C:\Users\admin\Desktop\Development\my_app\config\routes.php, line: 15
You can disable all deprecation warnings by setting `Error.errorLevel` to `E_ALL & ~E_USER_DEPRECATED`. Adding `config/routes.php` to `Error.ignoredDeprecationPaths` in your `config/app.php` config will mute deprecations from that file only.
Trace:
deprecationWarning C:\Users\admin\Desktop\Development\my_app\vendor\cakephp\cakephp\src\Core\functions.php, line 328
Cake\Http\Middleware\CsrfProtectionMiddleware::__construct() C:\Users\admin\Desktop\Development\my_app\vendor\cakephp\cakephp\src\Http\Middleware\CsrfProtectionMiddleware.php, line 112
Cake\Http\BaseApplication::{closure}() C:\Users\admin\Desktop\Development\my_app\config\routes.php, line 15
Cake\Routing\RouteBuilder::scope() C:\Users\admin\Desktop\Development\my_app\vendor\cakephp\cakephp\src\Routing\RouteBuilder.php, line 946
Cake\Http\BaseApplication::{closure}() C:\Users\admin\Desktop\Development\my_app\config\routes.php, line 13
Cake\Http\BaseApplication::routes() C:\Users\admin\Desktop\Development\my_app\vendor\cakephp\cakephp\src\Http\BaseApplication.php, line 200
Cake\Console\CommandRunner::loadRoutes() C:\Users\admin\Desktop\Development\my_app\vendor\cakephp\cakephp\src\Console\CommandRunner.php, line 397
Cake\Console\CommandRunner::run() C:\Users\admin\Desktop\Development\my_app\vendor\cakephp\cakephp\src\Console\CommandRunner.php, line 147
[main] C:\Users\admin\Desktop\Development\my_app\bin\cake.php, line 12

2023-08-28 05:54:11 notice: Option `httpOnly` is deprecated. Use lowercased `httponly` instead.
C:\Users\admin\Desktop\Development\my_app\config\routes.php, line: 15
You can disable all deprecation warnings by setting `Error.errorLevel` to `E_ALL & ~E_USER_DEPRECATED`. Adding `config/routes.php` to `Error.ignoredDeprecationPaths` in your `config/app.php` config will mute deprecations from that file only.
Trace:
deprecationWarning C:\Users\admin\Desktop\Development\my_app\vendor\cakephp\cakephp\src\Core\functions.php, line 328
Cake\Http\Middleware\CsrfProtectionMiddleware::__construct() C:\Users\admin\Desktop\Development\my_app\vendor\cakephp\cakephp\src\Http\Middleware\CsrfProtectionMiddleware.php, line 112
Cake\Http\BaseApplication::{closure}() C:\Users\admin\Desktop\Development\my_app\config\routes.php, line 15
Cake\Routing\RouteBuilder::scope() C:\Users\admin\Desktop\Development\my_app\vendor\cakephp\cakephp\src\Routing\RouteBuilder.php, line 946
Cake\Http\BaseApplication::{closure}() C:\Users\admin\Desktop\Development\my_app\config\routes.php, line 13
Cake\Http\BaseApplication::routes() C:\Users\admin\Desktop\Development\my_app\vendor\cakephp\cakephp\src\Http\BaseApplication.php, line 200
Cake\Console\CommandRunner::loadRoutes() C:\Users\admin\Desktop\Development\my_app\vendor\cakephp\cakephp\src\Console\CommandRunner.php, line 397
Cake\Console\CommandRunner::run() C:\Users\admin\Desktop\Development\my_app\vendor\cakephp\cakephp\src\Console\CommandRunner.php, line 147
[main] C:\Users\admin\Desktop\Development\my_app\bin\cake.php, line 12

2023-08-28 06:15:04 notice: Option `httpOnly` is deprecated. Use lowercased `httponly` instead.
C:\Users\admin\Desktop\Development\articles_app\config\routes.php, line: 15
You can disable all deprecation warnings by setting `Error.errorLevel` to `E_ALL & ~E_USER_DEPRECATED`. Adding `config/routes.php` to `Error.ignoredDeprecationPaths` in your `config/app.php` config will mute deprecations from that file only.
Trace:
deprecationWarning C:\Users\admin\Desktop\Development\articles_app\vendor\cakephp\cakephp\src\Core\functions.php, line 328
Cake\Http\Middleware\CsrfProtectionMiddleware::__construct() C:\Users\admin\Desktop\Development\articles_app\vendor\cakephp\cakephp\src\Http\Middleware\CsrfProtectionMiddleware.php, line 112
Cake\Http\BaseApplication::{closure}() C:\Users\admin\Desktop\Development\articles_app\config\routes.php, line 15
Cake\Routing\RouteBuilder::scope() C:\Users\admin\Desktop\Development\articles_app\vendor\cakephp\cakephp\src\Routing\RouteBuilder.php, line 946
Cake\Http\BaseApplication::{closure}() C:\Users\admin\Desktop\Development\articles_app\config\routes.php, line 13
Cake\Http\BaseApplication::routes() C:\Users\admin\Desktop\Development\articles_app\vendor\cakephp\cakephp\src\Http\BaseApplication.php, line 200
Cake\Console\CommandRunner::loadRoutes() C:\Users\admin\Desktop\Development\articles_app\vendor\cakephp\cakephp\src\Console\CommandRunner.php, line 397
Cake\Console\CommandRunner::run() C:\Users\admin\Desktop\Development\articles_app\vendor\cakephp\cakephp\src\Console\CommandRunner.php, line 147
[main] C:\Users\admin\Desktop\Development\articles_app\bin\cake.php, line 12

